This is pdfTeX, Version 3.141592653-2.6-1.40.24 (MiKTeX 22.12) (preloaded format=pdflatex 2023.1.3)  11 JAN 2023 16:26
entering extended mode
 restricted \write18 enabled.
 %&-line parsing enabled.
**./Chap_Guide.tex
(Chap_Guide.tex
LaTeX2e <2022-11-01> patch level 1
L3 programming layer <2022-12-17>
! Undefined control sequence.
l.1 \chapter
            {\LaTeX{}ä½¿ç”¨è¯´æ˜}\label{chap:guide}
The control sequence at the end of the top line
of your error message was never \def'ed. If you have
misspelled it (e.g., `\hobx'), type `I' and the correct
spelling (e.g., `I\hbox'). Otherwise just continue,
and I'll forget about whatever was undefined.


! LaTeX Error: Missing \begin{document}.

See the LaTeX manual or LaTeX Companion for explanation.
Type  H <return>  for immediate help.
 ...                                              
                                                  
l.1 \chapter{\LaTeX
                   {}ä½¿ç”¨è¯´æ˜}\label{chap:guide}
You're in trouble here.  Try typing  <return>  to proceed.
If that doesn't work, type  X <return>  to quit.

Missing character: There is no L in font nullfont!
Missing character: There is no T in font nullfont!
LaTeX Font Info:    External font `cmex10' loaded for size
(Font)              <7> on input line 1.
LaTeX Font Info:    External font `cmex10' loaded for size
(Font)              <5> on input line 1.
Missing character: There is no T in font nullfont!
Missing character: There is no E in font nullfont!
Missing character: There is no X in font nullfont!

! LaTeX Error: Unicode character ä½¿ (U+4F7F)
               not set up for use with LaTeX.

See the LaTeX manual or LaTeX Companion for explanation.
Type  H <return>  for immediate help.
 ...                                              
                                                  
l.1 \chapter{\LaTeX{}ä½¿
                        ç”¨è¯´æ˜}\label{chap:guide}
You may provide a definition with
\DeclareUnicodeCharacter 


! LaTeX Error: Unicode character ç”¨ (U+7528)
               not set up for use with LaTeX.

See the LaTeX manual or LaTeX Companion for explanation.
Type  H <return>  for immediate help.
 ...                                              
                                                  
l.1 \chapter{\LaTeX{}ä½¿ç”¨
                           è¯´æ˜}\label{chap:guide}
You may provide a definition with
\DeclareUnicodeCharacter 


! LaTeX Error: Unicode character è¯´ (U+8BF4)
               not set up for use with LaTeX.

See the LaTeX manual or LaTeX Companion for explanation.
Type  H <return>  for immediate help.
 ...                                              
                                                  
l.1 \chapter{\LaTeX{}ä½¿ç”¨è¯´
                              æ˜}\label{chap:guide}
You may provide a definition with
\DeclareUnicodeCharacter 


! LaTeX Error: Unicode character æ˜ (U+660E)
               not set up for use with LaTeX.

See the LaTeX manual or LaTeX Companion for explanation.
Type  H <return>  for immediate help.
 ...                                              
                                                  
l.1 \chapter{\LaTeX{}ä½¿ç”¨è¯´æ˜
                                 }\label{chap:guide}
You may provide a definition with
\DeclareUnicodeCharacter 


Overfull \hbox (25.90282pt too wide) in paragraph at lines 1--2
[][][][] 
 []


! LaTeX Error: Unicode character ä¸º (U+4E3A)
               not set up for use with LaTeX.

See the LaTeX manual or LaTeX Companion for explanation.
Type  H <return>  for immediate help.
 ...                                              
                                                  
l.3 ä¸º
       æ–¹ä¾¿ä½¿ç”¨åŠæ›´å¥½åœ°å±•ç¤º\LaTeX{}æ’ç‰ˆçš„ä¼˜ç§€ç‰¹æ€§ï¼Œucasthe...

You may provide a definition with
\DeclareUnicodeCharacter 


! LaTeX Error: Unicode character æ–¹ (U+65B9)
               not set up for use with LaTeX.

See the LaTeX manual or LaTeX Companion for explanation.
Type  H <return>  for immediate help.
 ...                                              
                                                  
l.3 ä¸ºæ–¹
          ä¾¿ä½¿ç”¨åŠæ›´å¥½åœ°å±•ç¤º\LaTeX{}æ’ç‰ˆçš„ä¼˜ç§€ç‰¹æ€§ï¼Œucasthe...

You may provide a definition with
\DeclareUnicodeCharacter 


! LaTeX Error: Unicode character ä¾¿ (U+4FBF)
               not set up for use with LaTeX.

See the LaTeX manual or LaTeX Companion for explanation.
Type  H <return>  for immediate help.
 ...                                              
                                                  
l.3 ä¸ºæ–¹ä¾¿
             ä½¿ç”¨åŠæ›´å¥½åœ°å±•ç¤º\LaTeX{}æ’ç‰ˆçš„ä¼˜ç§€ç‰¹æ€§ï¼Œucasthe...

You may provide a definition with
\DeclareUnicodeCharacter 


! LaTeX Error: Unicode character ä½¿ (U+4F7F)
               not set up for use with LaTeX.

See the LaTeX manual or LaTeX Companion for explanation.
Type  H <return>  for immediate help.
 ...                                              
                                                  
l.3 ä¸ºæ–¹ä¾¿ä½¿
                ç”¨åŠæ›´å¥½åœ°å±•ç¤º\LaTeX{}æ’ç‰ˆçš„ä¼˜ç§€ç‰¹æ€§ï¼Œucasthe...

You may provide a definition with
\DeclareUnicodeCharacter 


! LaTeX Error: Unicode character ç”¨ (U+7528)
               not set up for use with LaTeX.

See the LaTeX manual or LaTeX Companion for explanation.
Type  H <return>  for immediate help.
 ...                                              
                                                  
l.3 ä¸ºæ–¹ä¾¿ä½¿ç”¨
                   åŠæ›´å¥½åœ°å±•ç¤º\LaTeX{}æ’ç‰ˆçš„ä¼˜ç§€ç‰¹æ€§ï¼Œucasthe...

You may provide a definition with
\DeclareUnicodeCharacter 


! LaTeX Error: Unicode character åŠ (U+53CA)
               not set up for use with LaTeX.

See the LaTeX manual or LaTeX Companion for explanation.
Type  H <return>  for immediate help.
 ...                                              
                                                  
l.3 ä¸ºæ–¹ä¾¿ä½¿ç”¨åŠ
                      æ›´å¥½åœ°å±•ç¤º\LaTeX{}æ’ç‰ˆçš„ä¼˜ç§€ç‰¹æ€§ï¼Œucasthe...

You may provide a definition with
\DeclareUnicodeCharacter 


! LaTeX Error: Unicode character æ›´ (U+66F4)
               not set up for use with LaTeX.

See the LaTeX manual or LaTeX Companion for explanation.
Type  H <return>  for immediate help.
 ...                                              
                                                  
l.3 ä¸ºæ–¹ä¾¿ä½¿ç”¨åŠæ›´
                         å¥½åœ°å±•ç¤º\LaTeX{}æ’ç‰ˆçš„ä¼˜ç§€ç‰¹æ€§ï¼Œucasthe...

You may provide a definition with
\DeclareUnicodeCharacter 


! LaTeX Error: Unicode character å¥½ (U+597D)
               not set up for use with LaTeX.

See the LaTeX manual or LaTeX Companion for explanation.
Type  H <return>  for immediate help.
 ...                                              
                                                  
l.3 ä¸ºæ–¹ä¾¿ä½¿ç”¨åŠæ›´å¥½
                            åœ°å±•ç¤º\LaTeX{}æ’ç‰ˆçš„ä¼˜ç§€ç‰¹æ€§ï¼Œucasthe...

You may provide a definition with
\DeclareUnicodeCharacter 


! LaTeX Error: Unicode character åœ° (U+5730)
               not set up for use with LaTeX.

See the LaTeX manual or LaTeX Companion for explanation.
Type  H <return>  for immediate help.
 ...                                              
                                                  
l.3 ä¸ºæ–¹ä¾¿ä½¿ç”¨åŠæ›´å¥½åœ°
                               å±•ç¤º\LaTeX{}æ’ç‰ˆçš„ä¼˜ç§€ç‰¹æ€§ï¼Œucasthe...

You may provide a definition with
\DeclareUnicodeCharacter 


! LaTeX Error: Unicode character å±• (U+5C55)
               not set up for use with LaTeX.

See the LaTeX manual or LaTeX Companion for explanation.
Type  H <return>  for immediate help.
 ...                                              
                                                  
l.3 ä¸ºæ–¹ä¾¿ä½¿ç”¨åŠæ›´å¥½åœ°å±•
                                  ç¤º\LaTeX{}æ’ç‰ˆçš„ä¼˜ç§€ç‰¹æ€§ï¼Œucasthe...

You may provide a definition with
\DeclareUnicodeCharacter 


! LaTeX Error: Unicode character ç¤º (U+793A)
               not set up for use with LaTeX.

See the LaTeX manual or LaTeX Companion for explanation.
Type  H <return>  for immediate help.
 ...                                              
                                                  
l.3 ä¸ºæ–¹ä¾¿ä½¿ç”¨åŠæ›´å¥½åœ°å±•ç¤º
                                     \LaTeX{}æ’ç‰ˆçš„ä¼˜ç§€ç‰¹æ€§ï¼Œucasthe...

You may provide a definition with
\DeclareUnicodeCharacter 


! LaTeX Error: Missing \begin{document}.

See the LaTeX manual or LaTeX Companion for explanation.
Type  H <return>  for immediate help.
 ...                                              
                                                  
l.3 ä¸ºæ–¹ä¾¿ä½¿ç”¨åŠæ›´å¥½åœ°å±•ç¤º\LaTeX
                                           {}æ’ç‰ˆçš„ä¼˜ç§€ç‰¹æ€§ï¼Œucasthe...

You're in trouble here.  Try typing  <return>  to proceed.
If that doesn't work, type  X <return>  to quit.

Missing character: There is no L in font nullfont!
Missing character: There is no T in font nullfont!
Missing character: There is no T in font nullfont!
Missing character: There is no E in font nullfont!
Missing character: There is no X in font nullfont!

! LaTeX Error: Unicode character æ’ (U+6392)
               not set up for use with LaTeX.

See the LaTeX manual or LaTeX Companion for explanation.
Type  H <return>  for immediate help.
 ...                                              
                                                  
l.3 ä¸ºæ–¹ä¾¿ä½¿ç”¨åŠæ›´å¥½åœ°å±•ç¤º\LaTeX{}æ’
                                                ç‰ˆçš„ä¼˜ç§€ç‰¹æ€§ï¼Œucasthe...

You may provide a definition with
\DeclareUnicodeCharacter 


! LaTeX Error: Unicode character ç‰ˆ (U+7248)
               not set up for use with LaTeX.

See the LaTeX manual or LaTeX Companion for explanation.
Type  H <return>  for immediate help.
 ...                                              
                                                  
l.3 ...–¹ä¾¿ä½¿ç”¨åŠæ›´å¥½åœ°å±•ç¤º\LaTeX{}æ’ç‰ˆ
                                                  çš„ä¼˜ç§€ç‰¹æ€§ï¼Œucasthes...

You may provide a definition with
\DeclareUnicodeCharacter 


! LaTeX Error: Unicode character çš„ (U+7684)
               not set up for use with LaTeX.

See the LaTeX manual or LaTeX Companion for explanation.
Type  H <return>  for immediate help.
 ...                                              
                                                  
l.3 ...¾¿ä½¿ç”¨åŠæ›´å¥½åœ°å±•ç¤º\LaTeX{}æ’ç‰ˆçš„
                                                  ä¼˜ç§€ç‰¹æ€§ï¼Œucasthesisç...

You may provide a definition with
\DeclareUnicodeCharacter 


! LaTeX Error: Unicode character ä¼˜ (U+4F18)
               not set up for use with LaTeX.

See the LaTeX manual or LaTeX Companion for explanation.
Type  H <return>  for immediate help.
 ...                                              
                                                  
l.3 ...½¿ç”¨åŠæ›´å¥½åœ°å±•ç¤º\LaTeX{}æ’ç‰ˆçš„ä¼˜
                                                  ç§€ç‰¹æ€§ï¼Œucasthesisçš„æ...

You may provide a definition with
\DeclareUnicodeCharacter 


! LaTeX Error: Unicode character ç§€ (U+79C0)
               not set up for use with LaTeX.

See the LaTeX manual or LaTeX Companion for explanation.
Type  H <return>  for immediate help.
 ...                                              
                                                  
l.3 ...”¨åŠæ›´å¥½åœ°å±•ç¤º\LaTeX{}æ’ç‰ˆçš„ä¼˜ç§€
                                                  ç‰¹æ€§ï¼Œucasthesisçš„æ¡†æ...

You may provide a definition with
\DeclareUnicodeCharacter 


! LaTeX Error: Unicode character ç‰¹ (U+7279)
               not set up for use with LaTeX.

See the LaTeX manual or LaTeX Companion for explanation.
Type  H <return>  for immediate help.
 ...                                              
                                                  
l.3 ...Šæ›´å¥½åœ°å±•ç¤º\LaTeX{}æ’ç‰ˆçš„ä¼˜ç§€ç‰¹
                                                  æ€§ï¼Œucasthesisçš„æ¡†æ¶å...

You may provide a definition with
\DeclareUnicodeCharacter 


! LaTeX Error: Unicode character æ€§ (U+6027)
               not set up for use with LaTeX.

See the LaTeX manual or LaTeX Companion for explanation.
Type  H <return>  for immediate help.
 ...                                              
                                                  
l.3 ...›´å¥½åœ°å±•ç¤º\LaTeX{}æ’ç‰ˆçš„ä¼˜ç§€ç‰¹æ€§
                                                  ï¼Œucasthesisçš„æ¡†æ¶å’Œæ...

You may provide a definition with
\DeclareUnicodeCharacter 


! LaTeX Error: Unicode character ï¼Œ (U+FF0C)
               not set up for use with LaTeX.

See the LaTeX manual or LaTeX Companion for explanation.
Type  H <return>  for immediate help.
 ...                                              
                                                  
l.3 ...¥½åœ°å±•ç¤º\LaTeX{}æ’ç‰ˆçš„ä¼˜ç§€ç‰¹æ€§ï¼Œ
                                                  ucasthesisçš„æ¡†æ¶å’Œæ–‡ä...

You may provide a definition with
\DeclareUnicodeCharacter 

Missing character: There is no u in font nullfont!
Missing character: There is no c in font nullfont!
Missing character: There is no a in font nullfont!
Missing character: There is no s in font nullfont!
Missing character: There is no t in font nullfont!
Missing character: There is no h in font nullfont!
Missing character: There is no e in font nullfont!
Missing character: There is no s in font nullfont!
Missing character: There is no i in font nullfont!
Missing character: There is no s in font nullfont!

! LaTeX Error: Unicode character çš„ (U+7684)
               not set up for use with LaTeX.

See the LaTeX manual or LaTeX Companion for explanation.
Type  H <return>  for immediate help.
 ...                                              
                                                  
l.3 ...aTeX{}æ’ç‰ˆçš„ä¼˜ç§€ç‰¹æ€§ï¼Œucasthesisçš„
                                                  æ¡†æ¶å’Œæ–‡ä»¶ä½“ç³»è¿›è¡...

You may provide a definition with
\DeclareUnicodeCharacter 


! LaTeX Error: Unicode character æ¡† (U+6846)
               not set up for use with LaTeX.

See the LaTeX manual or LaTeX Companion for explanation.
Type  H <return>  for immediate help.
 ...                                              
                                                  
l.3 ...X{}æ’ç‰ˆçš„ä¼˜ç§€ç‰¹æ€§ï¼Œucasthesisçš„æ¡†
                                                  æ¶å’Œæ–‡ä»¶ä½“ç³»è¿›è¡Œäº...

You may provide a definition with
\DeclareUnicodeCharacter 


! LaTeX Error: Unicode character æ¶ (U+67B6)
               not set up for use with LaTeX.

See the LaTeX manual or LaTeX Companion for explanation.
Type  H <return>  for immediate help.
 ...                                              
                                                  
l.3 ...æ’ç‰ˆçš„ä¼˜ç§€ç‰¹æ€§ï¼Œucasthesisçš„æ¡†æ¶
                                                  å’Œæ–‡ä»¶ä½“ç³»è¿›è¡Œäº†ç»...

You may provide a definition with
\DeclareUnicodeCharacter 


! LaTeX Error: Unicode character å’Œ (U+548C)
               not set up for use with LaTeX.

See the LaTeX manual or LaTeX Companion for explanation.
Type  H <return>  for immediate help.
 ...                                              
                                                  
l.3 ...ç‰ˆçš„ä¼˜ç§€ç‰¹æ€§ï¼Œucasthesisçš„æ¡†æ¶å’Œ
                                                  æ–‡ä»¶ä½“ç³»è¿›è¡Œäº†ç»†è‡...

You may provide a definition with
\DeclareUnicodeCharacter 


! LaTeX Error: Unicode character æ–‡ (U+6587)
               not set up for use with LaTeX.

See the LaTeX manual or LaTeX Companion for explanation.
Type  H <return>  for immediate help.
 ...                                              
                                                  
l.3 ...çš„ä¼˜ç§€ç‰¹æ€§ï¼Œucasthesisçš„æ¡†æ¶å’Œæ–‡
                                                  ä»¶ä½“ç³»è¿›è¡Œäº†ç»†è‡´åœ...

You may provide a definition with
\DeclareUnicodeCharacter 


! LaTeX Error: Unicode character ä»¶ (U+4EF6)
               not set up for use with LaTeX.

See the LaTeX manual or LaTeX Companion for explanation.
Type  H <return>  for immediate help.
 ...                                              
                                                  
l.3 ...ä¼˜ç§€ç‰¹æ€§ï¼Œucasthesisçš„æ¡†æ¶å’Œæ–‡ä»¶
                                                  ä½“ç³»è¿›è¡Œäº†ç»†è‡´åœ°å¤...

You may provide a definition with
\DeclareUnicodeCharacter 


! LaTeX Error: Unicode character ä½“ (U+4F53)
               not set up for use with LaTeX.

See the LaTeX manual or LaTeX Companion for explanation.
Type  H <return>  for immediate help.
 ...                                              
                                                  
l.3 ...ç§€ç‰¹æ€§ï¼Œucasthesisçš„æ¡†æ¶å’Œæ–‡ä»¶ä½“
                                                  ç³»è¿›è¡Œäº†ç»†è‡´åœ°å¤„ç...

You may provide a definition with
\DeclareUnicodeCharacter 


! LaTeX Error: Unicode character ç³» (U+7CFB)
               not set up for use with LaTeX.

See the LaTeX manual or LaTeX Companion for explanation.
Type  H <return>  for immediate help.
 ...                                              
                                                  
l.3 ...ç‰¹æ€§ï¼Œucasthesisçš„æ¡†æ¶å’Œæ–‡ä»¶ä½“ç³»
                                                  è¿›è¡Œäº†ç»†è‡´åœ°å¤„ç†ï¼...

You may provide a definition with
\DeclareUnicodeCharacter 


! LaTeX Error: Unicode character è¿› (U+8FDB)
               not set up for use with LaTeX.

See the LaTeX manual or LaTeX Companion for explanation.
Type  H <return>  for immediate help.
 ...                                              
                                                  
l.3 ...æ€§ï¼Œucasthesisçš„æ¡†æ¶å’Œæ–‡ä»¶ä½“ç³»è¿›
                                                  è¡Œäº†ç»†è‡´åœ°å¤„ç†ï¼Œå°...

You may provide a definition with
\DeclareUnicodeCharacter 


! LaTeX Error: Unicode character è¡Œ (U+884C)
               not set up for use with LaTeX.

See the LaTeX manual or LaTeX Companion for explanation.
Type  H <return>  for immediate help.
 ...                                              
                                                  
l.3 ...ï¼Œucasthesisçš„æ¡†æ¶å’Œæ–‡ä»¶ä½“ç³»è¿›è¡Œ
                                                  äº†ç»†è‡´åœ°å¤„ç†ï¼Œå°½å...

You may provide a definition with
\DeclareUnicodeCharacter 


! LaTeX Error: Unicode character äº† (U+4E86)
               not set up for use with LaTeX.

See the LaTeX manual or LaTeX Companion for explanation.
Type  H <return>  for immediate help.
 ...                                              
                                                  
l.3 ...ucasthesisçš„æ¡†æ¶å’Œæ–‡ä»¶ä½“ç³»è¿›è¡Œäº†
                                                  ç»†è‡´åœ°å¤„ç†ï¼Œå°½å¯èƒ...

You may provide a definition with
\DeclareUnicodeCharacter 


! LaTeX Error: Unicode character ç»† (U+7EC6)
               not set up for use with LaTeX.

See the LaTeX manual or LaTeX Companion for explanation.
Type  H <return>  for immediate help.
 ...                                              
                                                  
l.3 ...sthesisçš„æ¡†æ¶å’Œæ–‡ä»¶ä½“ç³»è¿›è¡Œäº†ç»†
                                                  è‡´åœ°å¤„ç†ï¼Œå°½å¯èƒ½åœ...

You may provide a definition with
\DeclareUnicodeCharacter 


! LaTeX Error: Unicode character è‡´ (U+81F4)
               not set up for use with LaTeX.

See the LaTeX manual or LaTeX Companion for explanation.
Type  H <return>  for immediate help.
 ...                                              
                                                  
l.3 ...esisçš„æ¡†æ¶å’Œæ–‡ä»¶ä½“ç³»è¿›è¡Œäº†ç»†è‡´
                                                  åœ°å¤„ç†ï¼Œå°½å¯èƒ½åœ°å¯...

You may provide a definition with
\DeclareUnicodeCharacter 


! LaTeX Error: Unicode character åœ° (U+5730)
               not set up for use with LaTeX.

See the LaTeX manual or LaTeX Companion for explanation.
Type  H <return>  for immediate help.
 ...                                              
                                                  
l.3 ...sçš„æ¡†æ¶å’Œæ–‡ä»¶ä½“ç³»è¿›è¡Œäº†ç»†è‡´åœ°
                                                  å¤„ç†ï¼Œå°½å¯èƒ½åœ°å¯¹å...

You may provide a definition with
\DeclareUnicodeCharacter 


! LaTeX Error: Unicode character å¤„ (U+5904)
               not set up for use with LaTeX.

See the LaTeX manual or LaTeX Companion for explanation.
Type  H <return>  for immediate help.
 ...                                              
                                                  
l.3 ...„æ¡†æ¶å’Œæ–‡ä»¶ä½“ç³»è¿›è¡Œäº†ç»†è‡´åœ°å¤„
                                                  ç†ï¼Œå°½å¯èƒ½åœ°å¯¹å„ä¸...

You may provide a definition with
\DeclareUnicodeCharacter 


! LaTeX Error: Unicode character ç† (U+7406)
               not set up for use with LaTeX.

See the LaTeX manual or LaTeX Companion for explanation.
Type  H <return>  for immediate help.
 ...                                              
                                                  
l.3 ...†æ¶å’Œæ–‡ä»¶ä½“ç³»è¿›è¡Œäº†ç»†è‡´åœ°å¤„ç†
                                                  ï¼Œå°½å¯èƒ½åœ°å¯¹å„ä¸ªåŠ...

You may provide a definition with
\DeclareUnicodeCharacter 


! LaTeX Error: Unicode character ï¼Œ (U+FF0C)
               not set up for use with LaTeX.

See the LaTeX manual or LaTeX Companion for explanation.
Type  H <return>  for immediate help.
 ...                                              
                                                  
l.3 ...¶å’Œæ–‡ä»¶ä½“ç³»è¿›è¡Œäº†ç»†è‡´åœ°å¤„ç†ï¼Œ
                                                  å°½å¯èƒ½åœ°å¯¹å„ä¸ªåŠŸèƒ...

You may provide a definition with
\DeclareUnicodeCharacter 


! LaTeX Error: Unicode character å°½ (U+5C3D)
               not set up for use with LaTeX.

See the LaTeX manual or LaTeX Companion for explanation.
Type  H <return>  for immediate help.
 ...                                              
                                                  
l.3 ...Œæ–‡ä»¶ä½“ç³»è¿›è¡Œäº†ç»†è‡´åœ°å¤„ç†ï¼Œå°½
                                                  å¯èƒ½åœ°å¯¹å„ä¸ªåŠŸèƒ½å’...

You may provide a definition with
\DeclareUnicodeCharacter 


! LaTeX Error: Unicode character å¯ (U+53EF)
               not set up for use with LaTeX.

See the LaTeX manual or LaTeX Companion for explanation.
Type  H <return>  for immediate help.
 ...                                              
                                                  
l.3 ...‡ä»¶ä½“ç³»è¿›è¡Œäº†ç»†è‡´åœ°å¤„ç†ï¼Œå°½å¯
                                                  èƒ½åœ°å¯¹å„ä¸ªåŠŸèƒ½å’Œæ...

You may provide a definition with
\DeclareUnicodeCharacter 


! LaTeX Error: Unicode character èƒ½ (U+80FD)
               not set up for use with LaTeX.

See the LaTeX manual or LaTeX Companion for explanation.
Type  H <return>  for immediate help.
 ...                                              
                                                  
l.3 ...¶ä½“ç³»è¿›è¡Œäº†ç»†è‡´åœ°å¤„ç†ï¼Œå°½å¯èƒ½
                                                  åœ°å¯¹å„ä¸ªåŠŸèƒ½å’Œæ¿å...

You may provide a definition with
\DeclareUnicodeCharacter 


! LaTeX Error: Unicode character åœ° (U+5730)
               not set up for use with LaTeX.

See the LaTeX manual or LaTeX Companion for explanation.
Type  H <return>  for immediate help.
 ...                                              
                                                  
l.3 ...“ç³»è¿›è¡Œäº†ç»†è‡´åœ°å¤„ç†ï¼Œå°½å¯èƒ½åœ°
                                                  å¯¹å„ä¸ªåŠŸèƒ½å’Œæ¿å—è¿...

You may provide a definition with
\DeclareUnicodeCharacter 


! LaTeX Error: Unicode character å¯¹ (U+5BF9)
               not set up for use with LaTeX.

See the LaTeX manual or LaTeX Companion for explanation.
Type  H <return>  for immediate help.
 ...                                              
                                                  
l.3 ...»è¿›è¡Œäº†ç»†è‡´åœ°å¤„ç†ï¼Œå°½å¯èƒ½åœ°å¯¹
                                                  å„ä¸ªåŠŸèƒ½å’Œæ¿å—è¿›è¡...

You may provide a definition with
\DeclareUnicodeCharacter 


! LaTeX Error: Unicode character å„ (U+5404)
               not set up for use with LaTeX.

See the LaTeX manual or LaTeX Companion for explanation.
Type  H <return>  for immediate help.
 ...                                              
                                                  
l.3 ...›è¡Œäº†ç»†è‡´åœ°å¤„ç†ï¼Œå°½å¯èƒ½åœ°å¯¹å„
                                                  ä¸ªåŠŸèƒ½å’Œæ¿å—è¿›è¡Œäº...

You may provide a definition with
\DeclareUnicodeCharacter 


! LaTeX Error: Unicode character ä¸ª (U+4E2A)
               not set up for use with LaTeX.

See the LaTeX manual or LaTeX Companion for explanation.
Type  H <return>  for immediate help.
 ...                                              
                                                  
l.3 ...Œäº†ç»†è‡´åœ°å¤„ç†ï¼Œå°½å¯èƒ½åœ°å¯¹å„ä¸ª
                                                  åŠŸèƒ½å’Œæ¿å—è¿›è¡Œäº†æ¨...

You may provide a definition with
\DeclareUnicodeCharacter 


! LaTeX Error: Unicode character åŠŸ (U+529F)
               not set up for use with LaTeX.

See the LaTeX manual or LaTeX Companion for explanation.
Type  H <return>  for immediate help.
 ...                                              
                                                  
l.3 ...†ç»†è‡´åœ°å¤„ç†ï¼Œå°½å¯èƒ½åœ°å¯¹å„ä¸ªåŠŸ
                                                  èƒ½å’Œæ¿å—è¿›è¡Œäº†æ¨¡å...

You may provide a definition with
\DeclareUnicodeCharacter 


! LaTeX Error: Unicode character èƒ½ (U+80FD)
               not set up for use with LaTeX.

See the LaTeX manual or LaTeX Companion for explanation.
Type  H <return>  for immediate help.
 ...                                              
                                                  
l.3 ...†è‡´åœ°å¤„ç†ï¼Œå°½å¯èƒ½åœ°å¯¹å„ä¸ªåŠŸèƒ½
                                                  å’Œæ¿å—è¿›è¡Œäº†æ¨¡å—åŒ...

You may provide a definition with
\DeclareUnicodeCharacter 


! LaTeX Error: Unicode character å’Œ (U+548C)
               not set up for use with LaTeX.

See the LaTeX manual or LaTeX Companion for explanation.
Type  H <return>  for immediate help.
 ...                                              
                                                  
l.3 ...´åœ°å¤„ç†ï¼Œå°½å¯èƒ½åœ°å¯¹å„ä¸ªåŠŸèƒ½å’Œ
                                                  æ¿å—è¿›è¡Œäº†æ¨¡å—åŒ–å’...

You may provide a definition with
\DeclareUnicodeCharacter 


! LaTeX Error: Unicode character æ¿ (U+677F)
               not set up for use with LaTeX.

See the LaTeX manual or LaTeX Companion for explanation.
Type  H <return>  for immediate help.
 ...                                              
                                                  
l.3 ...°å¤„ç†ï¼Œå°½å¯èƒ½åœ°å¯¹å„ä¸ªåŠŸèƒ½å’Œæ¿
                                                  å—è¿›è¡Œäº†æ¨¡å—åŒ–å’Œå°...

You may provide a definition with
\DeclareUnicodeCharacter 


! LaTeX Error: Unicode character å— (U+5757)
               not set up for use with LaTeX.

See the LaTeX manual or LaTeX Companion for explanation.
Type  H <return>  for immediate help.
 ...                                              
                                                  
l.3 ...„ç†ï¼Œå°½å¯èƒ½åœ°å¯¹å„ä¸ªåŠŸèƒ½å’Œæ¿å—
                                                  è¿›è¡Œäº†æ¨¡å—åŒ–å’Œå°è£...

You may provide a definition with
\DeclareUnicodeCharacter 


! LaTeX Error: Unicode character è¿› (U+8FDB)
               not set up for use with LaTeX.

See the LaTeX manual or LaTeX Companion for explanation.
Type  H <return>  for immediate help.
 ...                                              
                                                  
l.3 ...†ï¼Œå°½å¯èƒ½åœ°å¯¹å„ä¸ªåŠŸèƒ½å’Œæ¿å—è¿›
                                                  è¡Œäº†æ¨¡å—åŒ–å’Œå°è£…ï¼...

You may provide a definition with
\DeclareUnicodeCharacter 


! LaTeX Error: Unicode character è¡Œ (U+884C)
               not set up for use with LaTeX.

See the LaTeX manual or LaTeX Companion for explanation.
Type  H <return>  for immediate help.
 ...                                              
                                                  
l.3 ...Œå°½å¯èƒ½åœ°å¯¹å„ä¸ªåŠŸèƒ½å’Œæ¿å—è¿›è¡Œ
                                                  äº†æ¨¡å—åŒ–å’Œå°è£…ï¼Œå¯...

You may provide a definition with
\DeclareUnicodeCharacter 


! LaTeX Error: Unicode character äº† (U+4E86)
               not set up for use with LaTeX.

See the LaTeX manual or LaTeX Companion for explanation.
Type  H <return>  for immediate help.
 ...                                              
                                                  
l.3 ...½å¯èƒ½åœ°å¯¹å„ä¸ªåŠŸèƒ½å’Œæ¿å—è¿›è¡Œäº†
                                                  æ¨¡å—åŒ–å’Œå°è£…ï¼Œå¯¹äº...

You may provide a definition with
\DeclareUnicodeCharacter 


! LaTeX Error: Unicode character æ¨¡ (U+6A21)
               not set up for use with LaTeX.

See the LaTeX manual or LaTeX Companion for explanation.
Type  H <return>  for immediate help.
 ...                                              
                                                  
l.3 ...¯èƒ½åœ°å¯¹å„ä¸ªåŠŸèƒ½å’Œæ¿å—è¿›è¡Œäº†æ¨¡
                                                  å—åŒ–å’Œå°è£…ï¼Œå¯¹äºåˆ...

You may provide a definition with
\DeclareUnicodeCharacter 


! LaTeX Error: Unicode character å— (U+5757)
               not set up for use with LaTeX.

See the LaTeX manual or LaTeX Companion for explanation.
Type  H <return>  for immediate help.
 ...                                              
                                                  
l.3 ...½åœ°å¯¹å„ä¸ªåŠŸèƒ½å’Œæ¿å—è¿›è¡Œäº†æ¨¡å—
                                                  åŒ–å’Œå°è£…ï¼Œå¯¹äºåˆå­...

You may provide a definition with
\DeclareUnicodeCharacter 


! LaTeX Error: Unicode character åŒ– (U+5316)
               not set up for use with LaTeX.

See the LaTeX manual or LaTeX Companion for explanation.
Type  H <return>  for immediate help.
 ...                                              
                                                  
l.3 ...°å¯¹å„ä¸ªåŠŸèƒ½å’Œæ¿å—è¿›è¡Œäº†æ¨¡å—åŒ–
                                                  å’Œå°è£…ï¼Œå¯¹äºåˆå­¦è€...

You may provide a definition with
\DeclareUnicodeCharacter 


! LaTeX Error: Unicode character å’Œ (U+548C)
               not set up for use with LaTeX.

See the LaTeX manual or LaTeX Companion for explanation.
Type  H <return>  for immediate help.
 ...                                              
                                                  
l.3 ...¹å„ä¸ªåŠŸèƒ½å’Œæ¿å—è¿›è¡Œäº†æ¨¡å—åŒ–å’Œ
                                                  å°è£…ï¼Œå¯¹äºåˆå­¦è€…æ...

You may provide a definition with
\DeclareUnicodeCharacter 


! LaTeX Error: Unicode character å° (U+5C01)
               not set up for use with LaTeX.

See the LaTeX manual or LaTeX Companion for explanation.
Type  H <return>  for immediate help.
 ...                                              
                                                  
l.3 ...„ä¸ªåŠŸèƒ½å’Œæ¿å—è¿›è¡Œäº†æ¨¡å—åŒ–å’Œå°
                                                  è£…ï¼Œå¯¹äºåˆå­¦è€…æ¥è¯...

You may provide a definition with
\DeclareUnicodeCharacter 


! LaTeX Error: Unicode character è£… (U+88C5)
               not set up for use with LaTeX.

See the LaTeX manual or LaTeX Companion for explanation.
Type  H <return>  for immediate help.
 ...                                              
                                                  
l.3 ...ªåŠŸèƒ½å’Œæ¿å—è¿›è¡Œäº†æ¨¡å—åŒ–å’Œå°è£…
                                                  ï¼Œå¯¹äºåˆå­¦è€…æ¥è¯´ï¼...

You may provide a definition with
\DeclareUnicodeCharacter 


! LaTeX Error: Unicode character ï¼Œ (U+FF0C)
               not set up for use with LaTeX.

See the LaTeX manual or LaTeX Companion for explanation.
Type  H <return>  for immediate help.
 ...                                              
                                                  
l.3 ...Ÿèƒ½å’Œæ¿å—è¿›è¡Œäº†æ¨¡å—åŒ–å’Œå°è£…ï¼Œ
                                                  å¯¹äºåˆå­¦è€…æ¥è¯´ï¼Œä¼...

You may provide a definition with
\DeclareUnicodeCharacter 


! LaTeX Error: Unicode character å¯¹ (U+5BF9)
               not set up for use with LaTeX.

See the LaTeX manual or LaTeX Companion for explanation.
Type  H <return>  for immediate help.
 ...                                              
                                                  
l.3 ...½å’Œæ¿å—è¿›è¡Œäº†æ¨¡å—åŒ–å’Œå°è£…ï¼Œå¯¹
                                                  äºåˆå­¦è€…æ¥è¯´ï¼Œä¼—å¤...

You may provide a definition with
\DeclareUnicodeCharacter 


! LaTeX Error: Unicode character äº (U+4E8E)
               not set up for use with LaTeX.

See the LaTeX manual or LaTeX Companion for explanation.
Type  H <return>  for immediate help.
 ...                                              
                                                  
l.3 ...Œæ¿å—è¿›è¡Œäº†æ¨¡å—åŒ–å’Œå°è£…ï¼Œå¯¹äº
                                                  åˆå­¦è€…æ¥è¯´ï¼Œä¼—å¤šçš...

You may provide a definition with
\DeclareUnicodeCharacter 


! LaTeX Error: Unicode character åˆ (U+521D)
               not set up for use with LaTeX.

See the LaTeX manual or LaTeX Companion for explanation.
Type  H <return>  for immediate help.
 ...                                              
                                                  
l.3 ...¿å—è¿›è¡Œäº†æ¨¡å—åŒ–å’Œå°è£…ï¼Œå¯¹äºåˆ
                                                  å­¦è€…æ¥è¯´ï¼Œä¼—å¤šçš„æ–...

You may provide a definition with
\DeclareUnicodeCharacter 


! LaTeX Error: Unicode character å­¦ (U+5B66)
               not set up for use with LaTeX.

See the LaTeX manual or LaTeX Companion for explanation.
Type  H <return>  for immediate help.
 ...                                              
                                                  
l.3 ...—è¿›è¡Œäº†æ¨¡å—åŒ–å’Œå°è£…ï¼Œå¯¹äºåˆå­¦
                                                  è€…æ¥è¯´ï¼Œä¼—å¤šçš„æ–‡ä»...

You may provide a definition with
\DeclareUnicodeCharacter 


! LaTeX Error: Unicode character è€… (U+8005)
               not set up for use with LaTeX.

See the LaTeX manual or LaTeX Companion for explanation.
Type  H <return>  for immediate help.
 ...                                              
                                                  
l.3 ...›è¡Œäº†æ¨¡å—åŒ–å’Œå°è£…ï¼Œå¯¹äºåˆå­¦è€…
                                                  æ¥è¯´ï¼Œä¼—å¤šçš„æ–‡ä»¶ç›...

You may provide a definition with
\DeclareUnicodeCharacter 


! LaTeX Error: Unicode character æ¥ (U+6765)
               not set up for use with LaTeX.

See the LaTeX manual or LaTeX Companion for explanation.
Type  H <return>  for immediate help.
 ...                                              
                                                  
l.3 ...Œäº†æ¨¡å—åŒ–å’Œå°è£…ï¼Œå¯¹äºåˆå­¦è€…æ¥
                                                  è¯´ï¼Œä¼—å¤šçš„æ–‡ä»¶ç›®å½...

You may provide a definition with
\DeclareUnicodeCharacter 


! LaTeX Error: Unicode character è¯´ (U+8BF4)
               not set up for use with LaTeX.

See the LaTeX manual or LaTeX Companion for explanation.
Type  H <return>  for immediate help.
 ...                                              
                                                  
l.3 ...†æ¨¡å—åŒ–å’Œå°è£…ï¼Œå¯¹äºåˆå­¦è€…æ¥è¯´
                                                  ï¼Œä¼—å¤šçš„æ–‡ä»¶ç›®å½•ä¹...

You may provide a definition with
\DeclareUnicodeCharacter 


! LaTeX Error: Unicode character ï¼Œ (U+FF0C)
               not set up for use with LaTeX.

See the LaTeX manual or LaTeX Companion for explanation.
Type  H <return>  for immediate help.
 ...                                              
                                                  
l.3 ...¡å—åŒ–å’Œå°è£…ï¼Œå¯¹äºåˆå­¦è€…æ¥è¯´ï¼Œ
                                                  ä¼—å¤šçš„æ–‡ä»¶ç›®å½•ä¹Ÿè®...

You may provide a definition with
\DeclareUnicodeCharacter 


! LaTeX Error: Unicode character ä¼— (U+4F17)
               not set up for use with LaTeX.

See the LaTeX manual or LaTeX Companion for explanation.
Type  H <return>  for immediate help.
 ...                                              
                                                  
l.3 ...—åŒ–å’Œå°è£…ï¼Œå¯¹äºåˆå­¦è€…æ¥è¯´ï¼Œä¼—
                                                  å¤šçš„æ–‡ä»¶ç›®å½•ä¹Ÿè®¸ä¸...

You may provide a definition with
\DeclareUnicodeCharacter 


! LaTeX Error: Unicode character å¤š (U+591A)
               not set up for use with LaTeX.

See the LaTeX manual or LaTeX Companion for explanation.
Type  H <return>  for immediate help.
 ...                                              
                                                  
l.3 ...–å’Œå°è£…ï¼Œå¯¹äºåˆå­¦è€…æ¥è¯´ï¼Œä¼—å¤š
                                                  çš„æ–‡ä»¶ç›®å½•ä¹Ÿè®¸ä¸€å¼...

You may provide a definition with
\DeclareUnicodeCharacter 


! LaTeX Error: Unicode character çš„ (U+7684)
               not set up for use with LaTeX.

See the LaTeX manual or LaTeX Companion for explanation.
Type  H <return>  for immediate help.
 ...                                              
                                                  
l.3 ...Œå°è£…ï¼Œå¯¹äºåˆå­¦è€…æ¥è¯´ï¼Œä¼—å¤šçš„
                                                  æ–‡ä»¶ç›®å½•ä¹Ÿè®¸ä¸€å¼€å§...

You may provide a definition with
\DeclareUnicodeCharacter 


! LaTeX Error: Unicode character æ–‡ (U+6587)
               not set up for use with LaTeX.

See the LaTeX manual or LaTeX Companion for explanation.
Type  H <return>  for immediate help.
 ...                                              
                                                  
l.3 ...è£…ï¼Œå¯¹äºåˆå­¦è€…æ¥è¯´ï¼Œä¼—å¤šçš„æ–‡
                                                  ä»¶ç›®å½•ä¹Ÿè®¸ä¸€å¼€å§‹è®...

You may provide a definition with
\DeclareUnicodeCharacter 


! LaTeX Error: Unicode character ä»¶ (U+4EF6)
               not set up for use with LaTeX.

See the LaTeX manual or LaTeX Companion for explanation.
Type  H <return>  for immediate help.
 ...                                              
                                                  
l.3 ...…ï¼Œå¯¹äºåˆå­¦è€…æ¥è¯´ï¼Œä¼—å¤šçš„æ–‡ä»¶
                                                  ç›®å½•ä¹Ÿè®¸ä¸€å¼€å§‹è®©äº...

You may provide a definition with
\DeclareUnicodeCharacter 


! LaTeX Error: Unicode character ç›® (U+76EE)
               not set up for use with LaTeX.

See the LaTeX manual or LaTeX Companion for explanation.
Type  H <return>  for immediate help.
 ...                                              
                                                  
l.3 ...Œå¯¹äºåˆå­¦è€…æ¥è¯´ï¼Œä¼—å¤šçš„æ–‡ä»¶ç›®
                                                  å½•ä¹Ÿè®¸ä¸€å¼€å§‹è®©äººè§...

You may provide a definition with
\DeclareUnicodeCharacter 


! LaTeX Error: Unicode character å½• (U+5F55)
               not set up for use with LaTeX.

See the LaTeX manual or LaTeX Companion for explanation.
Type  H <return>  for immediate help.
 ...                                              
                                                  
l.3 ...¹äºåˆå­¦è€…æ¥è¯´ï¼Œä¼—å¤šçš„æ–‡ä»¶ç›®å½•
                                                  ä¹Ÿè®¸ä¸€å¼€å§‹è®©äººè§‰å¾...

You may provide a definition with
\DeclareUnicodeCharacter 


! LaTeX Error: Unicode character ä¹Ÿ (U+4E5F)
               not set up for use with LaTeX.

See the LaTeX manual or LaTeX Companion for explanation.
Type  H <return>  for immediate help.
 ...                                              
                                                  
l.3 ...åˆå­¦è€…æ¥è¯´ï¼Œä¼—å¤šçš„æ–‡ä»¶ç›®å½•ä¹Ÿ
                                                  è®¸ä¸€å¼€å§‹è®©äººè§‰å¾—æœ...

You may provide a definition with
\DeclareUnicodeCharacter 


! LaTeX Error: Unicode character è®¸ (U+8BB8)
               not set up for use with LaTeX.

See the LaTeX manual or LaTeX Companion for explanation.
Type  H <return>  for immediate help.
 ...                                              
                                                  
l.3 ...å­¦è€…æ¥è¯´ï¼Œä¼—å¤šçš„æ–‡ä»¶ç›®å½•ä¹Ÿè®¸
                                                  ä¸€å¼€å§‹è®©äººè§‰å¾—æœ‰äº...

You may provide a definition with
\DeclareUnicodeCharacter 


! LaTeX Error: Unicode character ä¸€ (U+4E00)
               not set up for use with LaTeX.

See the LaTeX manual or LaTeX Companion for explanation.
Type  H <return>  for immediate help.
 ...                                              
                                                  
l.3 ...¦è€…æ¥è¯´ï¼Œä¼—å¤šçš„æ–‡ä»¶ç›®å½•ä¹Ÿè®¸ä¸€
                                                  å¼€å§‹è®©äººè§‰å¾—æœ‰äº›æ—...

You may provide a definition with
\DeclareUnicodeCharacter 


! LaTeX Error: Unicode character å¼€ (U+5F00)
               not set up for use with LaTeX.

See the LaTeX manual or LaTeX Companion for explanation.
Type  H <return>  for immediate help.
 ...                                              
                                                  
l.3 ...…æ¥è¯´ï¼Œä¼—å¤šçš„æ–‡ä»¶ç›®å½•ä¹Ÿè®¸ä¸€å¼€
                                                  å§‹è®©äººè§‰å¾—æœ‰äº›æ— æ‰...

You may provide a definition with
\DeclareUnicodeCharacter 


! LaTeX Error: Unicode character å§‹ (U+59CB)
               not set up for use with LaTeX.

See the LaTeX manual or LaTeX Companion for explanation.
Type  H <return>  for immediate help.
 ...                                              
                                                  
l.3 ...¥è¯´ï¼Œä¼—å¤šçš„æ–‡ä»¶ç›®å½•ä¹Ÿè®¸ä¸€å¼€å§‹
                                                  è®©äººè§‰å¾—æœ‰äº›æ— æ‰€é€...

You may provide a definition with
\DeclareUnicodeCharacter 


! LaTeX Error: Unicode character è®© (U+8BA9)
               not set up for use with LaTeX.

See the LaTeX manual or LaTeX Companion for explanation.
Type  H <return>  for immediate help.
 ...                                              
                                                  
l.3 ...´ï¼Œä¼—å¤šçš„æ–‡ä»¶ç›®å½•ä¹Ÿè®¸ä¸€å¼€å§‹è®©
                                                  äººè§‰å¾—æœ‰äº›æ— æ‰€é€‚ä»...

You may provide a definition with
\DeclareUnicodeCharacter 


! LaTeX Error: Unicode character äºº (U+4EBA)
               not set up for use with LaTeX.

See the LaTeX manual or LaTeX Companion for explanation.
Type  H <return>  for immediate help.
 ...                                              
                                                  
l.3 ...Œä¼—å¤šçš„æ–‡ä»¶ç›®å½•ä¹Ÿè®¸ä¸€å¼€å§‹è®©äºº
                                                  è§‰å¾—æœ‰äº›æ— æ‰€é€‚ä»ï¼...

You may provide a definition with
\DeclareUnicodeCharacter 


! LaTeX Error: Unicode character è§‰ (U+89C9)
               not set up for use with LaTeX.

See the LaTeX manual or LaTeX Companion for explanation.
Type  H <return>  for immediate help.
 ...                                              
                                                  
l.3 ...—å¤šçš„æ–‡ä»¶ç›®å½•ä¹Ÿè®¸ä¸€å¼€å§‹è®©äººè§‰
                                                  å¾—æœ‰äº›æ— æ‰€é€‚ä»ï¼Œä½...

You may provide a definition with
\DeclareUnicodeCharacter 


! LaTeX Error: Unicode character å¾— (U+5F97)
               not set up for use with LaTeX.

See the LaTeX manual or LaTeX Companion for explanation.
Type  H <return>  for immediate help.
 ...                                              
                                                  
l.3 ...šçš„æ–‡ä»¶ç›®å½•ä¹Ÿè®¸ä¸€å¼€å§‹è®©äººè§‰å¾—
                                                  æœ‰äº›æ— æ‰€é€‚ä»ï¼Œä½†é˜...

You may provide a definition with
\DeclareUnicodeCharacter 


! LaTeX Error: Unicode character æœ‰ (U+6709)
               not set up for use with LaTeX.

See the LaTeX manual or LaTeX Companion for explanation.
Type  H <return>  for immediate help.
 ...                                              
                                                  
l.3 ...„æ–‡ä»¶ç›®å½•ä¹Ÿè®¸ä¸€å¼€å§‹è®©äººè§‰å¾—æœ‰
                                                  äº›æ— æ‰€é€‚ä»ï¼Œä½†é˜…è¯...

You may provide a definition with
\DeclareUnicodeCharacter 


! LaTeX Error: Unicode character äº› (U+4E9B)
               not set up for use with LaTeX.

See the LaTeX manual or LaTeX Companion for explanation.
Type  H <return>  for immediate help.
 ...                                              
                                                  
l.3 ...‡ä»¶ç›®å½•ä¹Ÿè®¸ä¸€å¼€å§‹è®©äººè§‰å¾—æœ‰äº›
                                                  æ— æ‰€é€‚ä»ï¼Œä½†é˜…è¯»å®...

You may provide a definition with
\DeclareUnicodeCharacter 


! LaTeX Error: Unicode character æ—  (U+65E0)
               not set up for use with LaTeX.

See the LaTeX manual or LaTeX Companion for explanation.
Type  H <return>  for immediate help.
 ...                                              
                                                  
l.3 ...¶ç›®å½•ä¹Ÿè®¸ä¸€å¼€å§‹è®©äººè§‰å¾—æœ‰äº›æ— 
                                                  æ‰€é€‚ä»ï¼Œä½†é˜…è¯»å®Œä¸...

You may provide a definition with
\DeclareUnicodeCharacter 


! LaTeX Error: Unicode character æ‰€ (U+6240)
               not set up for use with LaTeX.

See the LaTeX manual or LaTeX Companion for explanation.
Type  H <return>  for immediate help.
 ...                                              
                                                  
l.3 ...®å½•ä¹Ÿè®¸ä¸€å¼€å§‹è®©äººè§‰å¾—æœ‰äº›æ— æ‰€
                                                  é€‚ä»ï¼Œä½†é˜…è¯»å®Œä¸‹é...

You may provide a definition with
\DeclareUnicodeCharacter 


! LaTeX Error: Unicode character é€‚ (U+9002)
               not set up for use with LaTeX.

See the LaTeX manual or LaTeX Companion for explanation.
Type  H <return>  for immediate help.
 ...                                              
                                                  
l.3 ...•ä¹Ÿè®¸ä¸€å¼€å§‹è®©äººè§‰å¾—æœ‰äº›æ— æ‰€é€‚
                                                  ä»ï¼Œä½†é˜…è¯»å®Œä¸‹é¢çš...

You may provide a definition with
\DeclareUnicodeCharacter 


! LaTeX Error: Unicode character ä» (U+4ECE)
               not set up for use with LaTeX.

See the LaTeX manual or LaTeX Companion for explanation.
Type  H <return>  for immediate help.
 ...                                              
                                                  
l.3 ...Ÿè®¸ä¸€å¼€å§‹è®©äººè§‰å¾—æœ‰äº›æ— æ‰€é€‚ä»
                                                  ï¼Œä½†é˜…è¯»å®Œä¸‹é¢çš„ä½...

You may provide a definition with
\DeclareUnicodeCharacter 


! LaTeX Error: Unicode character ï¼Œ (U+FF0C)
               not set up for use with LaTeX.

See the LaTeX manual or LaTeX Companion for explanation.
Type  H <return>  for immediate help.
 ...                                              
                                                  
l.3 ...¸ä¸€å¼€å§‹è®©äººè§‰å¾—æœ‰äº›æ— æ‰€é€‚ä»ï¼Œ
                                                  ä½†é˜…è¯»å®Œä¸‹é¢çš„ä½¿ç”...

You may provide a definition with
\DeclareUnicodeCharacter 


! LaTeX Error: Unicode character ä½† (U+4F46)
               not set up for use with LaTeX.

See the LaTeX manual or LaTeX Companion for explanation.
Type  H <return>  for immediate help.
 ...                                              
                                                  
l.3 ...€å¼€å§‹è®©äººè§‰å¾—æœ‰äº›æ— æ‰€é€‚ä»ï¼Œä½†
                                                  é˜…è¯»å®Œä¸‹é¢çš„ä½¿ç”¨è¯...

You may provide a definition with
\DeclareUnicodeCharacter 


! LaTeX Error: Unicode character é˜… (U+9605)
               not set up for use with LaTeX.

See the LaTeX manual or LaTeX Companion for explanation.
Type  H <return>  for immediate help.
 ...                                              
                                                  
l.3 ...€å§‹è®©äººè§‰å¾—æœ‰äº›æ— æ‰€é€‚ä»ï¼Œä½†é˜…
                                                  è¯»å®Œä¸‹é¢çš„ä½¿ç”¨è¯´æ˜...

You may provide a definition with
\DeclareUnicodeCharacter 


! LaTeX Error: Unicode character è¯» (U+8BFB)
               not set up for use with LaTeX.

See the LaTeX manual or LaTeX Companion for explanation.
Type  H <return>  for immediate help.
 ...                                              
                                                  
l.3 ...‹è®©äººè§‰å¾—æœ‰äº›æ— æ‰€é€‚ä»ï¼Œä½†é˜…è¯»
                                                  å®Œä¸‹é¢çš„ä½¿ç”¨è¯´æ˜å...

You may provide a definition with
\DeclareUnicodeCharacter 


! LaTeX Error: Unicode character å®Œ (U+5B8C)
               not set up for use with LaTeX.

See the LaTeX manual or LaTeX Companion for explanation.
Type  H <return>  for immediate help.
 ...                                              
                                                  
l.3 ...©äººè§‰å¾—æœ‰äº›æ— æ‰€é€‚ä»ï¼Œä½†é˜…è¯»å®Œ
                                                  ä¸‹é¢çš„ä½¿ç”¨è¯´æ˜åï¼...

You may provide a definition with
\DeclareUnicodeCharacter 


! LaTeX Error: Unicode character ä¸‹ (U+4E0B)
               not set up for use with LaTeX.

See the LaTeX manual or LaTeX Companion for explanation.
Type  H <return>  for immediate help.
 ...                                              
                                                  
l.3 ...ºè§‰å¾—æœ‰äº›æ— æ‰€é€‚ä»ï¼Œä½†é˜…è¯»å®Œä¸‹
                                                  é¢çš„ä½¿ç”¨è¯´æ˜åï¼Œä¼...

You may provide a definition with
\DeclareUnicodeCharacter 


! LaTeX Error: Unicode character é¢ (U+9762)
               not set up for use with LaTeX.

See the LaTeX manual or LaTeX Companion for explanation.
Type  H <return>  for immediate help.
 ...                                              
                                                  
l.3 ...‰å¾—æœ‰äº›æ— æ‰€é€‚ä»ï¼Œä½†é˜…è¯»å®Œä¸‹é¢
                                                  çš„ä½¿ç”¨è¯´æ˜åï¼Œä¼šå...

You may provide a definition with
\DeclareUnicodeCharacter 


! LaTeX Error: Unicode character çš„ (U+7684)
               not set up for use with LaTeX.

See the LaTeX manual or LaTeX Companion for explanation.
Type  H <return>  for immediate help.
 ...                                              
                                                  
l.3 ...—æœ‰äº›æ— æ‰€é€‚ä»ï¼Œä½†é˜…è¯»å®Œä¸‹é¢çš„
                                                  ä½¿ç”¨è¯´æ˜åï¼Œä¼šå‘ç...

You may provide a definition with
\DeclareUnicodeCharacter 


! LaTeX Error: Unicode character ä½¿ (U+4F7F)
               not set up for use with LaTeX.

See the LaTeX manual or LaTeX Companion for explanation.
Type  H <return>  for immediate help.
 ...                                              
                                                  
l.3 ...‰äº›æ— æ‰€é€‚ä»ï¼Œä½†é˜…è¯»å®Œä¸‹é¢çš„ä½¿
                                                  ç”¨è¯´æ˜åï¼Œä¼šå‘ç°å...

You may provide a definition with
\DeclareUnicodeCharacter 


! LaTeX Error: Unicode character ç”¨ (U+7528)
               not set up for use with LaTeX.

See the LaTeX manual or LaTeX Companion for explanation.
Type  H <return>  for immediate help.
 ...                                              
                                                  
l.3 ...›æ— æ‰€é€‚ä»ï¼Œä½†é˜…è¯»å®Œä¸‹é¢çš„ä½¿ç”¨
                                                  è¯´æ˜åï¼Œä¼šå‘ç°åŸæ...

You may provide a definition with
\DeclareUnicodeCharacter 


! LaTeX Error: Unicode character è¯´ (U+8BF4)
               not set up for use with LaTeX.

See the LaTeX manual or LaTeX Companion for explanation.
Type  H <return>  for immediate help.
 ...                                              
                                                  
l.3 ... æ‰€é€‚ä»ï¼Œä½†é˜…è¯»å®Œä¸‹é¢çš„ä½¿ç”¨è¯´
                                                  æ˜åï¼Œä¼šå‘ç°åŸæ¥ä½...

You may provide a definition with
\DeclareUnicodeCharacter 


! LaTeX Error: Unicode character æ˜ (U+660E)
               not set up for use with LaTeX.

See the LaTeX manual or LaTeX Companion for explanation.
Type  H <return>  for immediate help.
 ...                                              
                                                  
l.3 ...€é€‚ä»ï¼Œä½†é˜…è¯»å®Œä¸‹é¢çš„ä½¿ç”¨è¯´æ˜
                                                  åï¼Œä¼šå‘ç°åŸæ¥ä½¿ç”...

You may provide a definition with
\DeclareUnicodeCharacter 


! LaTeX Error: Unicode character å (U+540E)
               not set up for use with LaTeX.

See the LaTeX manual or LaTeX Companion for explanation.
Type  H <return>  for immediate help.
 ...                                              
                                                  
l.3 ...‚ä»ï¼Œä½†é˜…è¯»å®Œä¸‹é¢çš„ä½¿ç”¨è¯´æ˜å
                                                  ï¼Œä¼šå‘ç°åŸæ¥ä½¿ç”¨æ€...

You may provide a definition with
\DeclareUnicodeCharacter 


! LaTeX Error: Unicode character ï¼Œ (U+FF0C)
               not set up for use with LaTeX.

See the LaTeX manual or LaTeX Companion for explanation.
Type  H <return>  for immediate help.
 ...                                              
                                                  
l.3 ...ï¼Œä½†é˜…è¯»å®Œä¸‹é¢çš„ä½¿ç”¨è¯´æ˜åï¼Œ
                                                  ä¼šå‘ç°åŸæ¥ä½¿ç”¨æ€è·...

You may provide a definition with
\DeclareUnicodeCharacter 


! LaTeX Error: Unicode character ä¼š (U+4F1A)
               not set up for use with LaTeX.

See the LaTeX manual or LaTeX Companion for explanation.
Type  H <return>  for immediate help.
 ...                                              
                                                  
l.3 ...Œä½†é˜…è¯»å®Œä¸‹é¢çš„ä½¿ç”¨è¯´æ˜åï¼Œä¼š
                                                  å‘ç°åŸæ¥ä½¿ç”¨æ€è·¯æ˜...

You may provide a definition with
\DeclareUnicodeCharacter 


! LaTeX Error: Unicode character å‘ (U+53D1)
               not set up for use with LaTeX.

See the LaTeX manual or LaTeX Companion for explanation.
Type  H <return>  for immediate help.
 ...                                              
                                                  
l.3 ...†é˜…è¯»å®Œä¸‹é¢çš„ä½¿ç”¨è¯´æ˜åï¼Œä¼šå‘
                                                  ç°åŸæ¥ä½¿ç”¨æ€è·¯æ˜¯ç®...

You may provide a definition with
\DeclareUnicodeCharacter 


! LaTeX Error: Unicode character ç° (U+73B0)
               not set up for use with LaTeX.

See the LaTeX manual or LaTeX Companion for explanation.
Type  H <return>  for immediate help.
 ...                                              
                                                  
l.3 ...…è¯»å®Œä¸‹é¢çš„ä½¿ç”¨è¯´æ˜åï¼Œä¼šå‘ç°
                                                  åŸæ¥ä½¿ç”¨æ€è·¯æ˜¯ç®€å...

You may provide a definition with
\DeclareUnicodeCharacter 


! LaTeX Error: Unicode character åŸ (U+539F)
               not set up for use with LaTeX.

See the LaTeX manual or LaTeX Companion for explanation.
Type  H <return>  for immediate help.
 ...                                              
                                                  
l.3 ...»å®Œä¸‹é¢çš„ä½¿ç”¨è¯´æ˜åï¼Œä¼šå‘ç°åŸ
                                                  æ¥ä½¿ç”¨æ€è·¯æ˜¯ç®€å•è€...

You may provide a definition with
\DeclareUnicodeCharacter 


! LaTeX Error: Unicode character æ¥ (U+6765)
               not set up for use with LaTeX.

See the LaTeX manual or LaTeX Companion for explanation.
Type  H <return>  for immediate help.
 ...                                              
                                                  
l.3 ...Œä¸‹é¢çš„ä½¿ç”¨è¯´æ˜åï¼Œä¼šå‘ç°åŸæ¥
                                                  ä½¿ç”¨æ€è·¯æ˜¯ç®€å•è€Œæ¸...

You may provide a definition with
\DeclareUnicodeCharacter 


! LaTeX Error: Unicode character ä½¿ (U+4F7F)
               not set up for use with LaTeX.

See the LaTeX manual or LaTeX Companion for explanation.
Type  H <return>  for immediate help.
 ...                                              
                                                  
l.3 ...‹é¢çš„ä½¿ç”¨è¯´æ˜åï¼Œä¼šå‘ç°åŸæ¥ä½¿
                                                  ç”¨æ€è·¯æ˜¯ç®€å•è€Œæ¸…æ™...

You may provide a definition with
\DeclareUnicodeCharacter 


! LaTeX Error: Unicode character ç”¨ (U+7528)
               not set up for use with LaTeX.

See the LaTeX manual or LaTeX Companion for explanation.
Type  H <return>  for immediate help.
 ...                                              
                                                  
l.3 ...¢çš„ä½¿ç”¨è¯´æ˜åï¼Œä¼šå‘ç°åŸæ¥ä½¿ç”¨
                                                  æ€è·¯æ˜¯ç®€å•è€Œæ¸…æ™°çš...

You may provide a definition with
\DeclareUnicodeCharacter 


! LaTeX Error: Unicode character æ€ (U+601D)
               not set up for use with LaTeX.

See the LaTeX manual or LaTeX Companion for explanation.
Type  H <return>  for immediate help.
 ...                                              
                                                  
l.3 ...„ä½¿ç”¨è¯´æ˜åï¼Œä¼šå‘ç°åŸæ¥ä½¿ç”¨æ€
                                                  è·¯æ˜¯ç®€å•è€Œæ¸…æ™°çš„ï¼...
(That makes 100 errors; please try again.) 
Here is how much of TeX's memory you used:
 106 strings out of 476406
 1167 string characters out of 2789568
 1848787 words of memory out of 3000000
 20565 multiletter control sequences out of 15000+600000
 512287 words of font info for 32 fonts, out of 8000000 for 9000
 1141 hyphenation exceptions out of 8191
 17i,3n,12p,776b,70s stack positions out of 10000i,1000n,20000p,200000b,80000s

!  ==> Fatal error occurred, no output PDF file produced!
